# JRE version: OpenJDK Runtime Environment (16.0) (build 16-internal+0-adhoc.junyangshao.SunnyMilkJDK)
# Java VM: OpenJDK 64-Bit Server VM (16-internal+0-adhoc.junyangshao.SunnyMilkJDK, mixed mode, tiered, compressed oops, g1 gc, linux-amd64)
GC Precious Log:
 CPUs: 12 total, 12 available
 Memory: 31948M
 Large Page Support: Disabled
 NUMA Support: Disabled
 Compressed Oops: Enabled (Zero based)
 Heap Region Size: 4M
 Heap Min Capacity: 8M
 Heap Initial Capacity: 8M
 Heap Max Capacity: 7988M
 Pre-touch: Disabled
 Parallel Workers: 10
 Concurrent Workers: 3
 Concurrent Refinement Workers: 10
 Periodic GC: Disabled
Heap:
 garbage-first heap   total 32768K, used 8834K [0x000000060cc00000, 0x0000000800000000)
  region size 4096K, 2 young (8192K), 1 survivors (4096K)
 Metaspace       used 10013K, committed 10304K, reserved 1064960K
  class space    used 954K, committed 1088K, reserved 1048576K
GC Heap History (20 events):
Event: 0.234 GC heap before
{Heap before GC invocations=1 (full 0):
 garbage-first heap   total 8192K, used 4908K [0x000000060cc00000, 0x0000000800000000)
  region size 4096K, 2 young (8192K), 1 survivors (4096K)
 Metaspace       used 7508K, committed 7680K, reserved 1056768K
  class space    used 652K, committed 704K, reserved 1048576K
}
Event: 0.235 GC heap after
{Heap after GC invocations=2 (full 0):
 garbage-first heap   total 12288K, used 1080K [0x000000060cc00000, 0x0000000800000000)
  region size 4096K, 1 young (4096K), 1 survivors (4096K)
 Metaspace       used 7508K, committed 7680K, reserved 1056768K
  class space    used 652K, committed 704K, reserved 1048576K
}
Event: 0.282 GC heap before
{Heap before GC invocations=2 (full 0):
 garbage-first heap   total 12288K, used 5176K [0x000000060cc00000, 0x0000000800000000)
  region size 4096K, 2 young (8192K), 1 survivors (4096K)
 Metaspace       used 7529K, committed 7680K, reserved 1056768K
  class space    used 652K, committed 704K, reserved 1048576K
}
Event: 0.283 GC heap after
{Heap after GC invocations=3 (full 0):
 garbage-first heap   total 12288K, used 1174K [0x000000060cc00000, 0x0000000800000000)
  region size 4096K, 1 young (4096K), 1 survivors (4096K)
 Metaspace       used 7529K, committed 7680K, reserved 1056768K
  class space    used 652K, committed 704K, reserved 1048576K
}
Event: 0.326 GC heap before
{Heap before GC invocations=3 (full 0):
 garbage-first heap   total 12288K, used 5270K [0x000000060cc00000, 0x0000000800000000)
  region size 4096K, 2 young (8192K), 1 survivors (4096K)
 Metaspace       used 7544K, committed 7680K, reserved 1056768K
  class space    used 652K, committed 704K, reserved 1048576K
}
Event: 0.327 GC heap after
{Heap after GC invocations=4 (full 0):
 garbage-first heap   total 12288K, used 1233K [0x000000060cc00000, 0x0000000800000000)
  region size 4096K, 1 young (4096K), 1 survivors (4096K)
 Metaspace       used 7544K, committed 7680K, reserved 1056768K
  class space    used 652K, committed 704K, reserved 1048576K
}
Event: 0.361 GC heap before
{Heap before GC invocations=4 (full 0):
 garbage-first heap   total 12288K, used 5329K [0x000000060cc00000, 0x0000000800000000)
  region size 4096K, 2 young (8192K), 1 survivors (4096K)
 Metaspace       used 7544K, committed 7680K, reserved 1056768K
  class space    used 652K, committed 704K, reserved 1048576K
}
Event: 0.363 GC heap after
{Heap after GC invocations=5 (full 0):
 garbage-first heap   total 12288K, used 1265K [0x000000060cc00000, 0x0000000800000000)
  region size 4096K, 1 young (4096K), 1 survivors (4096K)
 Metaspace       used 7544K, committed 7680K, reserved 1056768K
  class space    used 652K, committed 704K, reserved 1048576K
}
Event: 0.402 GC heap before
{Heap before GC invocations=5 (full 0):
 garbage-first heap   total 12288K, used 5361K [0x000000060cc00000, 0x0000000800000000)
  region size 4096K, 2 young (8192K), 1 survivors (4096K)
 Metaspace       used 7560K, committed 7680K, reserved 1056768K
  class space    used 652K, committed 704K, reserved 1048576K
}
Event: 0.403 GC heap after
{Heap after GC invocations=6 (full 0):
 garbage-first heap   total 16384K, used 1343K [0x000000060cc00000, 0x0000000800000000)
  region size 4096K, 1 young (4096K), 1 survivors (4096K)
 Metaspace       used 7560K, committed 7680K, reserved 1056768K
  class space    used 652K, committed 704K, reserved 1048576K
}
Event: 0.460 GC heap before
{Heap before GC invocations=6 (full 0):
 garbage-first heap   total 16384K, used 5439K [0x000000060cc00000, 0x0000000800000000)
  region size 4096K, 2 young (8192K), 1 survivors (4096K)
 Metaspace       used 8074K, committed 8256K, reserved 1056768K
  class space    used 714K, committed 832K, reserved 1048576K
}
Event: 0.461 GC heap after
{Heap after GC invocations=7 (full 0):
 garbage-first heap   total 16384K, used 1796K [0x000000060cc00000, 0x0000000800000000)
  region size 4096K, 1 young (4096K), 1 survivors (4096K)
 Metaspace       used 8074K, committed 8256K, reserved 1056768K
  class space    used 714K, committed 832K, reserved 1048576K
}
Event: 0.543 GC heap before
{Heap before GC invocations=7 (full 0):
 garbage-first heap   total 16384K, used 5892K [0x000000060cc00000, 0x0000000800000000)
  region size 4096K, 2 young (8192K), 1 survivors (4096K)
 Metaspace       used 9071K, committed 9344K, reserved 1064960K
  class space    used 840K, committed 960K, reserved 1048576K
}
Event: 0.545 GC heap after
{Heap after GC invocations=8 (full 0):
 garbage-first heap   total 16384K, used 3277K [0x000000060cc00000, 0x0000000800000000)
  region size 4096K, 1 young (4096K), 1 survivors (4096K)
 Metaspace       used 9071K, committed 9344K, reserved 1064960K
  class space    used 840K, committed 960K, reserved 1048576K
}
Event: 0.580 GC heap before
{Heap before GC invocations=8 (full 0):
 garbage-first heap   total 16384K, used 7373K [0x000000060cc00000, 0x0000000800000000)
  region size 4096K, 2 young (8192K), 1 survivors (4096K)
 Metaspace       used 9278K, committed 9472K, reserved 1064960K
  class space    used 869K, committed 960K, reserved 1048576K
}
Event: 0.586 GC heap after
{Heap after GC invocations=9 (full 0):
 garbage-first heap   total 16384K, used 6186K [0x000000060cc00000, 0x0000000800000000)
  region size 4096K, 1 young (4096K), 1 survivors (4096K)
 Metaspace       used 9278K, committed 9472K, reserved 1064960K
  class space    used 869K, committed 960K, reserved 1048576K
}
Event: 0.619 GC heap before
{Heap before GC invocations=9 (full 0):
 garbage-first heap   total 16384K, used 10282K [0x000000060cc00000, 0x0000000800000000)
  region size 4096K, 2 young (8192K), 1 survivors (4096K)
 Metaspace       used 9476K, committed 9792K, reserved 1064960K
  class space    used 899K, committed 1024K, reserved 1048576K
}
Event: 0.625 GC heap after
{Heap after GC invocations=10 (full 0):
 garbage-first heap   total 32768K, used 8129K [0x000000060cc00000, 0x0000000800000000)
  region size 4096K, 1 young (4096K), 1 survivors (4096K)
 Metaspace       used 9476K, committed 9792K, reserved 1064960K
  class space    used 899K, committed 1024K, reserved 1048576K
}
Event: 0.670 GC heap before
{Heap before GC invocations=10 (full 0):
 garbage-first heap   total 32768K, used 12225K [0x000000060cc00000, 0x0000000800000000)
  region size 4096K, 2 young (8192K), 1 survivors (4096K)
 Metaspace       used 9837K, committed 10112K, reserved 1064960K
  class space    used 941K, committed 1088K, reserved 1048576K
}
Event: 0.672 GC heap after
{Heap after GC invocations=11 (full 0):
 garbage-first heap   total 32768K, used 8834K [0x000000060cc00000, 0x0000000800000000)
  region size 4096K, 1 young (4096K), 1 survivors (4096K)
 Metaspace       used 9837K, committed 10112K, reserved 1064960K
  class space    used 941K, committed 1088K, reserved 1048576K
}

