# JRE version: OpenJDK Runtime Environment (16.0) (build 16-internal+0-adhoc.junyangshao.SunnyMilkJDK)
# Java VM: OpenJDK 64-Bit Server VM (16-internal+0-adhoc.junyangshao.SunnyMilkJDK, mixed mode, tiered, compressed oops, g1 gc, linux-amd64)
GC Precious Log:
 CPUs: 12 total, 12 available
 Memory: 31948M
 Large Page Support: Disabled
 NUMA Support: Disabled
 Compressed Oops: Enabled (Zero based)
 Heap Region Size: 4M
 Heap Min Capacity: 8M
 Heap Initial Capacity: 8M
 Heap Max Capacity: 7988M
 Pre-touch: Disabled
 Parallel Workers: 10
 Concurrent Workers: 3
 Concurrent Refinement Workers: 10
 Periodic GC: Disabled
Heap:
 garbage-first heap   total 32768K, used 8696K [0x000000060cc00000, 0x0000000800000000)
  region size 4096K, 2 young (8192K), 1 survivors (4096K)
 Metaspace       used 10010K, committed 10304K, reserved 1064960K
  class space    used 954K, committed 1088K, reserved 1048576K
GC Heap History (20 events):
Event: 0.230 GC heap before
{Heap before GC invocations=1 (full 0):
 garbage-first heap   total 8192K, used 4916K [0x000000060cc00000, 0x0000000800000000)
  region size 4096K, 2 young (8192K), 1 survivors (4096K)
 Metaspace       used 7508K, committed 7680K, reserved 1056768K
  class space    used 652K, committed 704K, reserved 1048576K
}
Event: 0.231 GC heap after
{Heap after GC invocations=2 (full 0):
 garbage-first heap   total 12288K, used 1091K [0x000000060cc00000, 0x0000000800000000)
  region size 4096K, 1 young (4096K), 1 survivors (4096K)
 Metaspace       used 7508K, committed 7680K, reserved 1056768K
  class space    used 652K, committed 704K, reserved 1048576K
}
Event: 0.276 GC heap before
{Heap before GC invocations=2 (full 0):
 garbage-first heap   total 12288K, used 5187K [0x000000060cc00000, 0x0000000800000000)
  region size 4096K, 2 young (8192K), 1 survivors (4096K)
 Metaspace       used 7528K, committed 7680K, reserved 1056768K
  class space    used 652K, committed 704K, reserved 1048576K
}
Event: 0.277 GC heap after
{Heap after GC invocations=3 (full 0):
 garbage-first heap   total 12288K, used 1177K [0x000000060cc00000, 0x0000000800000000)
  region size 4096K, 1 young (4096K), 1 survivors (4096K)
 Metaspace       used 7528K, committed 7680K, reserved 1056768K
  class space    used 652K, committed 704K, reserved 1048576K
}
Event: 0.318 GC heap before
{Heap before GC invocations=3 (full 0):
 garbage-first heap   total 12288K, used 5273K [0x000000060cc00000, 0x0000000800000000)
  region size 4096K, 2 young (8192K), 1 survivors (4096K)
 Metaspace       used 7544K, committed 7680K, reserved 1056768K
  class space    used 652K, committed 704K, reserved 1048576K
}
Event: 0.319 GC heap after
{Heap after GC invocations=4 (full 0):
 garbage-first heap   total 12288K, used 1218K [0x000000060cc00000, 0x0000000800000000)
  region size 4096K, 1 young (4096K), 1 survivors (4096K)
 Metaspace       used 7544K, committed 7680K, reserved 1056768K
  class space    used 652K, committed 704K, reserved 1048576K
}
Event: 0.353 GC heap before
{Heap before GC invocations=4 (full 0):
 garbage-first heap   total 12288K, used 5314K [0x000000060cc00000, 0x0000000800000000)
  region size 4096K, 2 young (8192K), 1 survivors (4096K)
 Metaspace       used 7544K, committed 7680K, reserved 1056768K
  class space    used 652K, committed 704K, reserved 1048576K
}
Event: 0.354 GC heap after
{Heap after GC invocations=5 (full 0):
 garbage-first heap   total 12288K, used 1297K [0x000000060cc00000, 0x0000000800000000)
  region size 4096K, 1 young (4096K), 1 survivors (4096K)
 Metaspace       used 7544K, committed 7680K, reserved 1056768K
  class space    used 652K, committed 704K, reserved 1048576K
}
Event: 0.386 GC heap before
{Heap before GC invocations=5 (full 0):
 garbage-first heap   total 12288K, used 5393K [0x000000060cc00000, 0x0000000800000000)
  region size 4096K, 2 young (8192K), 1 survivors (4096K)
 Metaspace       used 7559K, committed 7680K, reserved 1056768K
  class space    used 652K, committed 704K, reserved 1048576K
}
Event: 0.387 GC heap after
{Heap after GC invocations=6 (full 0):
 garbage-first heap   total 16384K, used 1333K [0x000000060cc00000, 0x0000000800000000)
  region size 4096K, 1 young (4096K), 1 survivors (4096K)
 Metaspace       used 7559K, committed 7680K, reserved 1056768K
  class space    used 652K, committed 704K, reserved 1048576K
}
Event: 0.436 GC heap before
{Heap before GC invocations=6 (full 0):
 garbage-first heap   total 16384K, used 5429K [0x000000060cc00000, 0x0000000800000000)
  region size 4096K, 2 young (8192K), 1 survivors (4096K)
 Metaspace       used 8078K, committed 8256K, reserved 1056768K
  class space    used 715K, committed 832K, reserved 1048576K
}
Event: 0.437 GC heap after
{Heap after GC invocations=7 (full 0):
 garbage-first heap   total 16384K, used 1793K [0x000000060cc00000, 0x0000000800000000)
  region size 4096K, 1 young (4096K), 1 survivors (4096K)
 Metaspace       used 8078K, committed 8256K, reserved 1056768K
  class space    used 715K, committed 832K, reserved 1048576K
}
Event: 0.502 GC heap before
{Heap before GC invocations=7 (full 0):
 garbage-first heap   total 16384K, used 5889K [0x000000060cc00000, 0x0000000800000000)
  region size 4096K, 2 young (8192K), 1 survivors (4096K)
 Metaspace       used 9072K, committed 9344K, reserved 1064960K
  class space    used 840K, committed 960K, reserved 1048576K
}
Event: 0.504 GC heap after
{Heap after GC invocations=8 (full 0):
 garbage-first heap   total 16384K, used 3127K [0x000000060cc00000, 0x0000000800000000)
  region size 4096K, 1 young (4096K), 1 survivors (4096K)
 Metaspace       used 9072K, committed 9344K, reserved 1064960K
  class space    used 840K, committed 960K, reserved 1048576K
}
Event: 0.531 GC heap before
{Heap before GC invocations=8 (full 0):
 garbage-first heap   total 16384K, used 7223K [0x000000060cc00000, 0x0000000800000000)
  region size 4096K, 2 young (8192K), 1 survivors (4096K)
 Metaspace       used 9275K, committed 9472K, reserved 1064960K
  class space    used 869K, committed 960K, reserved 1048576K
}
Event: 0.535 GC heap after
{Heap after GC invocations=9 (full 0):
 garbage-first heap   total 16384K, used 6213K [0x000000060cc00000, 0x0000000800000000)
  region size 4096K, 1 young (4096K), 1 survivors (4096K)
 Metaspace       used 9275K, committed 9472K, reserved 1064960K
  class space    used 869K, committed 960K, reserved 1048576K
}
Event: 0.568 GC heap before
{Heap before GC invocations=9 (full 0):
 garbage-first heap   total 16384K, used 10309K [0x000000060cc00000, 0x0000000800000000)
  region size 4096K, 2 young (8192K), 1 survivors (4096K)
 Metaspace       used 9477K, committed 9792K, reserved 1064960K
  class space    used 899K, committed 1024K, reserved 1048576K
}
Event: 0.572 GC heap after
{Heap after GC invocations=10 (full 0):
 garbage-first heap   total 32768K, used 8254K [0x000000060cc00000, 0x0000000800000000)
  region size 4096K, 1 young (4096K), 1 survivors (4096K)
 Metaspace       used 9477K, committed 9792K, reserved 1064960K
  class space    used 899K, committed 1024K, reserved 1048576K
}
Event: 0.617 GC heap before
{Heap before GC invocations=10 (full 0):
 garbage-first heap   total 32768K, used 12350K [0x000000060cc00000, 0x0000000800000000)
  region size 4096K, 2 young (8192K), 1 survivors (4096K)
 Metaspace       used 9877K, committed 10176K, reserved 1064960K
  class space    used 944K, committed 1088K, reserved 1048576K
}
Event: 0.621 GC heap after
{Heap after GC invocations=11 (full 0):
 garbage-first heap   total 32768K, used 8696K [0x000000060cc00000, 0x0000000800000000)
  region size 4096K, 1 young (4096K), 1 survivors (4096K)
 Metaspace       used 9877K, committed 10176K, reserved 1064960K
  class space    used 944K, committed 1088K, reserved 1048576K
}

