# JRE version: OpenJDK Runtime Environment (16.0) (build 16-internal+0-adhoc.junyangshao.SunnyMilkJDK)
# Java VM: OpenJDK 64-Bit Server VM (16-internal+0-adhoc.junyangshao.SunnyMilkJDK, mixed mode, tiered, compressed oops, g1 gc, linux-amd64)
GC Precious Log:
 CPUs: 12 total, 12 available
 Memory: 31948M
 Large Page Support: Disabled
 NUMA Support: Disabled
 Compressed Oops: Enabled (Zero based)
 Heap Region Size: 4M
 Heap Min Capacity: 8M
 Heap Initial Capacity: 8M
 Heap Max Capacity: 7988M
 Pre-touch: Disabled
 Parallel Workers: 10
 Concurrent Workers: 3
 Concurrent Refinement Workers: 10
 Periodic GC: Disabled
Heap:
 garbage-first heap   total 61440K, used 19153K [0x000000060cc00000, 0x0000000800000000)
  region size 4096K, 4 young (16384K), 1 survivors (4096K)
 Metaspace       used 10223K, committed 10432K, reserved 1064960K
  class space    used 964K, committed 1088K, reserved 1048576K
GC Heap History (20 events):
Event: 0.365 GC heap before
{Heap before GC invocations=4 (full 0):
 garbage-first heap   total 12288K, used 5226K [0x000000060cc00000, 0x0000000800000000)
  region size 4096K, 2 young (8192K), 1 survivors (4096K)
 Metaspace       used 7546K, committed 7680K, reserved 1056768K
  class space    used 652K, committed 704K, reserved 1048576K
}
Event: 0.366 GC heap after
{Heap after GC invocations=5 (full 0):
 garbage-first heap   total 12288K, used 1263K [0x000000060cc00000, 0x0000000800000000)
  region size 4096K, 1 young (4096K), 1 survivors (4096K)
 Metaspace       used 7546K, committed 7680K, reserved 1056768K
  class space    used 652K, committed 704K, reserved 1048576K
}
Event: 0.399 GC heap before
{Heap before GC invocations=5 (full 0):
 garbage-first heap   total 12288K, used 5359K [0x000000060cc00000, 0x0000000800000000)
  region size 4096K, 2 young (8192K), 1 survivors (4096K)
 Metaspace       used 7561K, committed 7680K, reserved 1056768K
  class space    used 652K, committed 704K, reserved 1048576K
}
Event: 0.400 GC heap after
{Heap after GC invocations=6 (full 0):
 garbage-first heap   total 16384K, used 1356K [0x000000060cc00000, 0x0000000800000000)
  region size 4096K, 1 young (4096K), 1 survivors (4096K)
 Metaspace       used 7561K, committed 7680K, reserved 1056768K
  class space    used 652K, committed 704K, reserved 1048576K
}
Event: 0.445 GC heap before
{Heap before GC invocations=6 (full 0):
 garbage-first heap   total 16384K, used 5452K [0x000000060cc00000, 0x0000000800000000)
  region size 4096K, 2 young (8192K), 1 survivors (4096K)
 Metaspace       used 8014K, committed 8256K, reserved 1056768K
  class space    used 706K, committed 832K, reserved 1048576K
}
Event: 0.447 GC heap after
{Heap after GC invocations=7 (full 0):
 garbage-first heap   total 16384K, used 1759K [0x000000060cc00000, 0x0000000800000000)
  region size 4096K, 1 young (4096K), 1 survivors (4096K)
 Metaspace       used 8014K, committed 8256K, reserved 1056768K
  class space    used 706K, committed 832K, reserved 1048576K
}
Event: 0.514 GC heap before
{Heap before GC invocations=7 (full 0):
 garbage-first heap   total 16384K, used 5855K [0x000000060cc00000, 0x0000000800000000)
  region size 4096K, 2 young (8192K), 1 survivors (4096K)
 Metaspace       used 9050K, committed 9280K, reserved 1064960K
  class space    used 839K, committed 960K, reserved 1048576K
}
Event: 0.516 GC heap after
{Heap after GC invocations=8 (full 0):
 garbage-first heap   total 16384K, used 2878K [0x000000060cc00000, 0x0000000800000000)
  region size 4096K, 1 young (4096K), 1 survivors (4096K)
 Metaspace       used 9050K, committed 9280K, reserved 1064960K
  class space    used 839K, committed 960K, reserved 1048576K
}
Event: 0.545 GC heap before
{Heap before GC invocations=8 (full 0):
 garbage-first heap   total 16384K, used 6974K [0x000000060cc00000, 0x0000000800000000)
  region size 4096K, 2 young (8192K), 1 survivors (4096K)
 Metaspace       used 9267K, committed 9472K, reserved 1064960K
  class space    used 869K, committed 960K, reserved 1048576K
}
Event: 0.549 GC heap after
{Heap after GC invocations=9 (full 0):
 garbage-first heap   total 16384K, used 6015K [0x000000060cc00000, 0x0000000800000000)
  region size 4096K, 1 young (4096K), 1 survivors (4096K)
 Metaspace       used 9267K, committed 9472K, reserved 1064960K
  class space    used 869K, committed 960K, reserved 1048576K
}
Event: 0.592 GC heap before
{Heap before GC invocations=9 (full 0):
 garbage-first heap   total 16384K, used 10111K [0x000000060cc00000, 0x0000000800000000)
  region size 4096K, 2 young (8192K), 1 survivors (4096K)
 Metaspace       used 9484K, committed 9792K, reserved 1064960K
  class space    used 899K, committed 1024K, reserved 1048576K
}
Event: 0.596 GC heap after
{Heap after GC invocations=10 (full 0):
 garbage-first heap   total 32768K, used 8096K [0x000000060cc00000, 0x0000000800000000)
  region size 4096K, 1 young (4096K), 1 survivors (4096K)
 Metaspace       used 9484K, committed 9792K, reserved 1064960K
  class space    used 899K, committed 1024K, reserved 1048576K
}
Event: 0.653 GC heap before
{Heap before GC invocations=10 (full 0):
 garbage-first heap   total 32768K, used 12192K [0x000000060cc00000, 0x0000000800000000)
  region size 4096K, 2 young (8192K), 1 survivors (4096K)
 Metaspace       used 9828K, committed 10112K, reserved 1064960K
  class space    used 941K, committed 1088K, reserved 1048576K
}
Event: 0.656 GC heap after
{Heap after GC invocations=11 (full 0):
 garbage-first heap   total 32768K, used 8640K [0x000000060cc00000, 0x0000000800000000)
  region size 4096K, 1 young (4096K), 1 survivors (4096K)
 Metaspace       used 9828K, committed 10112K, reserved 1064960K
  class space    used 941K, committed 1088K, reserved 1048576K
}
Event: 0.688 GC heap before
{Heap before GC invocations=11 (full 0):
 garbage-first heap   total 32768K, used 12736K [0x000000060cc00000, 0x0000000800000000)
  region size 4096K, 2 young (8192K), 1 survivors (4096K)
 Metaspace       used 10011K, committed 10304K, reserved 1064960K
  class space    used 954K, committed 1088K, reserved 1048576K
}
Event: 0.692 GC heap after
{Heap after GC invocations=12 (full 0):
 garbage-first heap   total 32768K, used 9543K [0x000000060cc00000, 0x0000000800000000)
  region size 4096K, 1 young (4096K), 1 survivors (4096K)
 Metaspace       used 10011K, committed 10304K, reserved 1064960K
  class space    used 954K, committed 1088K, reserved 1048576K
}
Event: 0.745 GC heap before
{Heap before GC invocations=12 (full 0):
 garbage-first heap   total 32768K, used 13639K [0x000000060cc00000, 0x0000000800000000)
  region size 4096K, 2 young (8192K), 1 survivors (4096K)
 Metaspace       used 10161K, committed 10432K, reserved 1064960K
  class space    used 956K, committed 1088K, reserved 1048576K
}
Event: 0.747 GC heap after
{Heap after GC invocations=13 (full 0):
 garbage-first heap   total 32768K, used 10507K [0x000000060cc00000, 0x0000000800000000)
  region size 4096K, 1 young (4096K), 1 survivors (4096K)
 Metaspace       used 10161K, committed 10432K, reserved 1064960K
  class space    used 956K, committed 1088K, reserved 1048576K
}
Event: 0.765 GC heap before
{Heap before GC invocations=13 (full 0):
 garbage-first heap   total 32768K, used 14603K [0x000000060cc00000, 0x0000000800000000)
  region size 4096K, 2 young (8192K), 1 survivors (4096K)
 Metaspace       used 10162K, committed 10432K, reserved 1064960K
  class space    used 956K, committed 1088K, reserved 1048576K
}
Event: 0.767 GC heap after
{Heap after GC invocations=14 (full 0):
 garbage-first heap   total 61440K, used 10961K [0x000000060cc00000, 0x0000000800000000)
  region size 4096K, 1 young (4096K), 1 survivors (4096K)
 Metaspace       used 10162K, committed 10432K, reserved 1064960K
  class space    used 956K, committed 1088K, reserved 1048576K
}

